<?xml version="1.0" encoding="UTF-8"?>
<testsuites name="Movie Test Suite" time="2.48" tests="3" failures="0" errors="1">
   <testsuite name="Movie Test Suite" tests="3" failures="0" errors="1" time="2.48" skipped="0" timestamp="2023-09-21 23:33:47" hostname="dankim - localhost" id="Test Suites/Movie Test Suite">
      <properties>
         <property name="deviceName" value=""/>
         <property name="devicePlatform" value=""/>
         <property name="logFolder" value="/Users/dankim/Documents/02.Workspace/03.Code/learning-devops0915/movie-test-cases/Reports/20230921_233344/Movie Test Suite/20230921_233345"/>
         <property name="logFiles" value="/Users/dankim/Documents/02.Workspace/03.Code/learning-devops0915/movie-test-cases/Reports/20230921_233344/Movie Test Suite/20230921_233345/execution0.log"/>
         <property name="attachments" value=""/>
         <property name="hostName" value="dankim - localhost"/>
         <property name="hostAddress" value="192.168.0.5"/>
         <property name="os" value="Mac OS X 64bit"/>
         <property name="katalonVersion" value="8.6.8.208"/>
      </properties>
      <testcase name="Test Cases/Movie API/Movie REST API Test Cases" time="1.498" classname="Test Cases/Movie API/Movie REST API Test Cases" status="PASSED">
         <system-out><![CDATA[2023-09-21 23:33:47 - [TEST_CASE][PASSED] - Test Cases/Movie API/Movie REST API Test Cases: Test Cases/Movie API/Movie REST API Test Cases

2023-09-21 23:33:47 - [TEST_STEP][PASSED] - sendRequestAndVerify(findTestObject("Movie API/Movie REST API Collection")): Send request and verify the response successfully

2023-09-21 23:33:48 - [MESSAGE][INFO] - HAR: /Users/dankim/Documents/02.Workspace/03.Code/learning-devops0915/movie-test-cases/Reports/20230921_233344/Movie Test Suite/20230921_233345/requests/main/0.har

2023-09-21 23:33:48 - [TEST_CASE][PASSED] - Start Test Case : Verification: Verification accomplished successfully

2023-09-21 23:33:48 - [TEST_STEP][PASSED] - request = getInstance().getCurrentRequest(): null

2023-09-21 23:33:48 - [TEST_STEP][PASSED] - response = getInstance().getCurrentResponse(): null

2023-09-21 23:33:48 - [MESSAGE][PASSED] - Verify response successfully

2023-09-21 23:33:48 - [MESSAGE][PASSED] - All validation steps have been passed

2023-09-21 23:33:48 - [MESSAGE][PASSED] - Send request and verify the response successfully

2023-09-21 23:33:48 - [TEST_STEP][PASSED] - sendRequestAndVerify(findTestObject("Movie API/Movie REST API by ID")): Send request and verify the response successfully

2023-09-21 23:33:48 - [MESSAGE][INFO] - HAR: /Users/dankim/Documents/02.Workspace/03.Code/learning-devops0915/movie-test-cases/Reports/20230921_233344/Movie Test Suite/20230921_233345/requests/main/1.har

2023-09-21 23:33:48 - [TEST_CASE][PASSED] - Start Test Case : Verification: Verification accomplished successfully

2023-09-21 23:33:48 - [TEST_STEP][PASSED] - request = getInstance().getCurrentRequest(): null

2023-09-21 23:33:48 - [TEST_STEP][PASSED] - response = getInstance().getCurrentResponse(): null

2023-09-21 23:33:48 - [MESSAGE][PASSED] - Verify response successfully

2023-09-21 23:33:48 - [MESSAGE][PASSED] - All validation steps have been passed

2023-09-21 23:33:48 - [MESSAGE][PASSED] - Send request and verify the response successfully]]></system-out>
         <system-err><![CDATA[]]></system-err>
      </testcase>
      <testcase name="Test Cases/Movie People API/Movie People REST API Test Cases" time="0.781" classname="Test Cases/Movie People API/Movie People REST API Test Cases" status="PASSED">
         <system-out><![CDATA[2023-09-21 23:33:48 - [TEST_CASE][PASSED] - Test Cases/Movie People API/Movie People REST API Test Cases: Test Cases/Movie People API/Movie People REST API Test Cases

2023-09-21 23:33:48 - [TEST_STEP][PASSED] - sendRequestAndVerify(findTestObject("Movie People API/Movie People REST API Collection")): Send request and verify the response successfully

2023-09-21 23:33:49 - [MESSAGE][INFO] - HAR: /Users/dankim/Documents/02.Workspace/03.Code/learning-devops0915/movie-test-cases/Reports/20230921_233344/Movie Test Suite/20230921_233345/requests/main/2.har

2023-09-21 23:33:49 - [TEST_CASE][PASSED] - Start Test Case : Verification: Verification accomplished successfully

2023-09-21 23:33:49 - [TEST_STEP][PASSED] - request = getInstance().getCurrentRequest(): null

2023-09-21 23:33:49 - [TEST_STEP][PASSED] - response = getInstance().getCurrentResponse(): null

2023-09-21 23:33:49 - [MESSAGE][PASSED] - Verify response successfully

2023-09-21 23:33:49 - [MESSAGE][PASSED] - All validation steps have been passed

2023-09-21 23:33:49 - [MESSAGE][PASSED] - Send request and verify the response successfully

2023-09-21 23:33:49 - [TEST_STEP][PASSED] - sendRequestAndVerify(findTestObject("Movie People API/Movie REST API by ID")): Send request and verify the response successfully

2023-09-21 23:33:49 - [MESSAGE][INFO] - HAR: /Users/dankim/Documents/02.Workspace/03.Code/learning-devops0915/movie-test-cases/Reports/20230921_233344/Movie Test Suite/20230921_233345/requests/main/3.har

2023-09-21 23:33:49 - [TEST_CASE][PASSED] - Start Test Case : Verification: Verification accomplished successfully

2023-09-21 23:33:49 - [TEST_STEP][PASSED] - request = getInstance().getCurrentRequest(): null

2023-09-21 23:33:49 - [TEST_STEP][PASSED] - response = getInstance().getCurrentResponse(): null

2023-09-21 23:33:49 - [MESSAGE][PASSED] - Verify response successfully

2023-09-21 23:33:49 - [MESSAGE][PASSED] - All validation steps have been passed

2023-09-21 23:33:49 - [MESSAGE][PASSED] - Send request and verify the response successfully

2023-09-21 23:33:49 - [TEST_STEP][PASSED] - sendRequestAndVerify(findTestObject("Movie People API/Movie People REST API By Filmography")): Send request and verify the response successfully

2023-09-21 23:33:49 - [MESSAGE][INFO] - HAR: /Users/dankim/Documents/02.Workspace/03.Code/learning-devops0915/movie-test-cases/Reports/20230921_233344/Movie Test Suite/20230921_233345/requests/main/4.har

2023-09-21 23:33:49 - [TEST_CASE][PASSED] - Start Test Case : Verification: Verification accomplished successfully

2023-09-21 23:33:49 - [TEST_STEP][PASSED] - request = getInstance().getCurrentRequest(): null

2023-09-21 23:33:49 - [TEST_STEP][PASSED] - response = getInstance().getCurrentResponse(): null

2023-09-21 23:33:49 - [MESSAGE][PASSED] - Verify response successfully

2023-09-21 23:33:49 - [MESSAGE][PASSED] - All validation steps have been passed

2023-09-21 23:33:49 - [MESSAGE][PASSED] - Send request and verify the response successfully]]></system-out>
         <system-err><![CDATA[]]></system-err>
      </testcase>
      <testcase name="Test Cases/Movie Frontend Test Case" time="0.002" classname="Test Cases/Movie Frontend Test Case" status="ERROR">
         <error type="ERROR" message="Test Cases/Movie Frontend Test Case has ERROR(s).
Reason:
java.io.FileNotFoundException: File '' does not exist"/>
         <system-out><![CDATA[2023-09-21 23:33:49 - [TEST_CASE][ERROR] - Test Cases/Movie Frontend Test Case: Test Cases/Movie Frontend Test Case has ERROR(s).
Reason:
java.io.FileNotFoundException: File '' does not exist]]></system-out>
         <system-err><![CDATA[2023-09-21 23:33:49 - [TEST_CASE][ERROR] - Test Cases/Movie Frontend Test Case: Test Cases/Movie Frontend Test Case has ERROR(s).
Reason:
java.io.FileNotFoundException: File '' does not exist]]></system-err>
      </testcase>
      <system-out><![CDATA[2023-09-21 23:33:47 - [TEST_SUITE][ERROR] - Movie Test Suite: Test Cases/Movie Frontend Test Case has ERROR(s).
Reason:
java.io.FileNotFoundException: File '' does not exist]]></system-out>
      <system-err><![CDATA[2023-09-21 23:33:47 - [TEST_SUITE][ERROR] - Movie Test Suite: Test Cases/Movie Frontend Test Case has ERROR(s).
Reason:
java.io.FileNotFoundException: File '' does not exist]]></system-err>
   </testsuite>
</testsuites>
